<?xml version="1.0" encoding="UTF-8"?>
<testsuite xmlns:xsi="http://www.w3.org/2001/XMLSchema-instance" xsi:noNamespaceSchemaLocation="https://maven.apache.org/surefire/maven-surefire-plugin/xsd/surefire-test-report.xsd" version="3.0.2" name="com.yaz.ext.html.to.pdf.test.ExtHtmlToPdfTest" time="1.95" tests="1" errors="0" skipped="0" failures="0">
  <properties>
[...]
</properties>
  <testcase name="writeYourOwnUnitTest" classname="com.yaz.ext.html.to.pdf.test.ExtHtmlToPdfTest" time="0.01">
    <system-out><![CDATA[2025-09-22 15:20:34,148 INFO  [io.quarkus] (main) ext-html-to-pdf-deployment 1.0.0-SNAPSHOT on JVM (powered by Quarkus 3.26.4) started in 0.099s. 
2025-09-22 15:20:34,150 INFO  [io.quarkus] (main) Profile test activated. 
2025-09-22 15:20:34,150 INFO  [io.quarkus] (main) Installed features: [awt, cdi, ext-html-to-pdf, pdfbox]
]]></system-out>
  </testcase>
</testsuite>